<?xml version="1.0" encoding="UTF-8"?>
<testng-results ignored="0" total="1" passed="1" failed="0" skipped="0">
  <reporter-output>
  </reporter-output>
  <suite started-at="2021-08-08T23:54:49 IST" name="Default suite" finished-at="2021-08-08T23:54:51 IST" duration-ms="2405">
    <groups>
    </groups>
    <test started-at="2021-08-08T23:54:49 IST" name="Default test" finished-at="2021-08-08T23:54:51 IST" duration-ms="2405">
      <class name="testAPI.GetUserTest">
        <test-method signature="test()[pri:0, instance:testAPI.GetUserTest@355ce81c]" started-at="2021-08-08T23:54:49 IST" name="test" finished-at="2021-08-08T23:54:51 IST" duration-ms="2366" status="PASS">
          <reporter-output>
          </reporter-output>
        </test-method> <!-- test -->
      </class> <!-- testAPI.GetUserTest -->
    </test> <!-- Default test -->
  </suite> <!-- Default suite -->
</testng-results>
